<?xml version="1.0" encoding="UTF-8"?>
<testng-results skipped="0" failed="0" ignored="0" total="2" passed="2">
  <reporter-output>
  </reporter-output>
  <suite name="Default suite" duration-ms="18446" started-at="2019-12-23T13:29:18 CST" finished-at="2019-12-23T13:29:37 CST">
    <groups>
    </groups>
    <test name="Default test" duration-ms="18446" started-at="2019-12-23T13:29:18 CST" finished-at="2019-12-23T13:29:37 CST">
      <class name="tests.LoginTest">
        <test-method status="PASS" signature="setUp()[pri:0, instance:tests.LoginTest@6895a785]" name="setUp" is-config="true" duration-ms="8149" started-at="2019-12-23T13:29:18 CST" finished-at="2019-12-23T13:29:27 CST">
          <reporter-output>
          </reporter-output>
        </test-method> <!-- setUp -->
        <test-method status="PASS" signature="loginToCanvasTest()[pri:0, instance:tests.LoginTest@6895a785]" name="loginToCanvasTest" duration-ms="1838" started-at="2019-12-23T13:29:27 CST" finished-at="2019-12-23T13:29:28 CST">
          <reporter-output>
          </reporter-output>
        </test-method> <!-- loginToCanvasTest -->
        <test-method status="PASS" signature="tearDown()[pri:0, instance:tests.LoginTest@6895a785]" name="tearDown" is-config="true" duration-ms="249" started-at="2019-12-23T13:29:28 CST" finished-at="2019-12-23T13:29:29 CST">
          <reporter-output>
          </reporter-output>
        </test-method> <!-- tearDown -->
        <test-method status="PASS" signature="setUp()[pri:0, instance:tests.LoginTest@6895a785]" name="setUp" is-config="true" duration-ms="6243" started-at="2019-12-23T13:29:29 CST" finished-at="2019-12-23T13:29:35 CST">
          <reporter-output>
          </reporter-output>
        </test-method> <!-- setUp -->
        <test-method status="PASS" signature="loginToTestEnvironmentTest()[pri:0, instance:tests.LoginTest@6895a785]" name="loginToTestEnvironmentTest" duration-ms="1698" started-at="2019-12-23T13:29:35 CST" finished-at="2019-12-23T13:29:37 CST">
          <reporter-output>
          </reporter-output>
        </test-method> <!-- loginToTestEnvironmentTest -->
        <test-method status="PASS" signature="tearDown()[pri:0, instance:tests.LoginTest@6895a785]" name="tearDown" is-config="true" duration-ms="208" started-at="2019-12-23T13:29:37 CST" finished-at="2019-12-23T13:29:37 CST">
          <reporter-output>
          </reporter-output>
        </test-method> <!-- tearDown -->
      </class> <!-- tests.LoginTest -->
    </test> <!-- Default test -->
  </suite> <!-- Default suite -->
</testng-results>
